<?xml version="1.0" encoding="UTF-8"?>
<robot generator="Robot 3.2.2 (Python 3.8.2 on linux)" generated="20200926 22:11:58.899" rpa="false">
<suite id="s1" name="Validar" source="/home/ronald/personal/enrollment-automation/validar.robot">
<test id="s1-t1" name="Open Browser To Login Page">
<kw name="Open Browser" library="SeleniumLibrary">
<doc>Opens a new browser instance to the optional ``url``.</doc>
<arguments>
<arg>${LOGIN URL}</arg>
<arg>${BROWSER}</arg>
</arguments>
<msg timestamp="20200926 22:11:59.033" level="INFO">Opening browser 'Chrome' to base url 'https://www.google.com/'.</msg>
<status status="PASS" starttime="20200926 22:11:59.033" endtime="20200926 22:12:04.650"></status>
</kw>
<kw name="Maximize Browser Window" library="SeleniumLibrary">
<doc>Maximizes current browser window.</doc>
<status status="PASS" starttime="20200926 22:12:04.650" endtime="20200926 22:12:04.760"></status>
</kw>
<kw name="Set Selenium Speed" library="SeleniumLibrary">
<doc>Sets the delay that is waited after each Selenium command.</doc>
<arguments>
<arg>${DELAY}</arg>
</arguments>
<status status="PASS" starttime="20200926 22:12:04.760" endtime="20200926 22:12:04.761"></status>
</kw>
<kw name="Close Browser" library="SeleniumLibrary">
<doc>Closes the current browser.</doc>
<status status="PASS" starttime="20200926 22:12:04.761" endtime="20200926 22:12:09.821"></status>
</kw>
<status status="PASS" starttime="20200926 22:11:59.032" endtime="20200926 22:12:09.822" critical="yes"></status>
</test>
<status status="PASS" starttime="20200926 22:11:58.900" endtime="20200926 22:12:09.823"></status>
</suite>
<statistics>
<total>
<stat pass="1" fail="0">Critical Tests</stat>
<stat pass="1" fail="0">All Tests</stat>
</total>
<tag>
</tag>
<suite>
<stat pass="1" fail="0" id="s1" name="Validar">Validar</stat>
</suite>
</statistics>
<errors>
</errors>
</robot>
